<?xml version="1.0" encoding="UTF-8"?>
<!-- Generated by org.testng.reporters.JUnitReportReporter -->
<testsuite skipped="0" hostname="DEVENDRAGUPTA" name="Sign_In" tests="1" failures="0" timestamp="28 Jun 2019 06:40:52 GMT" time="48.890" errors="0">
  <testcase name="f" time="48.890" classname="Sign_In"/>
</testsuite> <!-- Sign_In -->
