<?xml version="1.0" encoding="UTF-8"?>
<!-- Generated by org.testng.reporters.JUnitReportReporter -->
<testsuite skipped="0" hostname="DEVENDRAGUPTA" name="com.goibibo.Web.Goibibo_Desktop1.International_Hotel" tests="1" failures="0" timestamp="01 Aug 2019 11:08:36 GMT" time="82.137" errors="0">
  <testcase name="f" time="82.137" classname="com.goibibo.Web.Goibibo_Desktop1.International_Hotel"/>
</testsuite> <!-- com.goibibo.Web.Goibibo_Desktop1.International_Hotel -->
